# JRE version: OpenJDK Runtime Environment (8.0_152-b01) (build 1.8.0_152-release-915-b01)
# Java VM: OpenJDK 64-Bit Server VM (25.152-b01 mixed mode windows-amd64 compressed oops)
Heap:
 PSYoungGen      total 484352K, used 292512K [0x00000000e0000000, 0x0000000100000000, 0x0000000100000000)
  eden space 451584K, 58% used [0x00000000e0000000,0x00000000f01bf6f0,0x00000000fb900000)
  from space 32768K, 87% used [0x00000000fe000000,0x00000000ffbe8bb0,0x0000000100000000)
  to   space 36352K, 0% used [0x00000000fb900000,0x00000000fb900000,0x00000000fdc80000)
 ParOldGen       total 116224K, used 37479K [0x00000000a0000000, 0x00000000a7180000, 0x00000000e0000000)
  object space 116224K, 32% used [0x00000000a0000000,0x00000000a2499ce8,0x00000000a7180000)
 Metaspace       used 75619K, capacity 81616K, committed 81880K, reserved 1120256K
  class space    used 9911K, capacity 11414K, committed 11520K, reserved 1048576K
GC Heap History (10 events):
Event: 13.151 GC heap before
{Heap before GC invocations=11 (full 3):
 PSYoungGen      total 344576K, used 20477K [0x00000000e0000000, 0x00000000f7c80000, 0x0000000100000000)
  eden space 324096K, 0% used [0x00000000e0000000,0x00000000e0000000,0x00000000f3c80000)
  from space 20480K, 99% used [0x00000000f5580000,0x00000000f697f4e0,0x00000000f6980000)
  to   space 25600K, 0% used [0x00000000f3c80000,0x00000000f3c80000,0x00000000f5580000)
 ParOldGen       total 76288K, used 24655K [0x00000000a0000000, 0x00000000a4a80000, 0x00000000e0000000)
  object space 76288K, 32% used [0x00000000a0000000,0x00000000a1813cb0,0x00000000a4a80000)
 Metaspace       used 56901K, capacity 58908K, committed 59028K, reserved 1099776K
  class space    used 7698K, capacity 8191K, committed 8192K, reserved 1048576K
Event: 13.454 GC heap after
Heap after GC invocations=11 (full 3):
 PSYoungGen      total 344576K, used 0K [0x00000000e0000000, 0x00000000f7c80000, 0x0000000100000000)
  eden space 324096K, 0% used [0x00000000e0000000,0x00000000e0000000,0x00000000f3c80000)
  from space 20480K, 0% used [0x00000000f5580000,0x00000000f5580000,0x00000000f6980000)
  to   space 25600K, 0% used [0x00000000f3c80000,0x00000000f3c80000,0x00000000f5580000)
 ParOldGen       total 116224K, used 37447K [0x00000000a0000000, 0x00000000a7180000, 0x00000000e0000000)
  object space 116224K, 32% used [0x00000000a0000000,0x00000000a2491ce8,0x00000000a7180000)
 Metaspace       used 56901K, capacity 58908K, committed 59028K, reserved 1099776K
  class space    used 7698K, capacity 8191K, committed 8192K, reserved 1048576K
}
Event: 151.675 GC heap before
{Heap before GC invocations=12 (full 3):
 PSYoungGen      total 344576K, used 324096K [0x00000000e0000000, 0x00000000f7c80000, 0x0000000100000000)
  eden space 324096K, 100% used [0x00000000e0000000,0x00000000f3c80000,0x00000000f3c80000)
  from space 20480K, 0% used [0x00000000f5580000,0x00000000f5580000,0x00000000f6980000)
  to   space 25600K, 0% used [0x00000000f3c80000,0x00000000f3c80000,0x00000000f5580000)
 ParOldGen       total 116224K, used 37447K [0x00000000a0000000, 0x00000000a7180000, 0x00000000e0000000)
  object space 116224K, 32% used [0x00000000a0000000,0x00000000a2491ce8,0x00000000a7180000)
 Metaspace       used 64129K, capacity 67160K, committed 67416K, reserved 1107968K
  class space    used 8490K, capacity 9261K, committed 9344K, reserved 1048576K
Event: 151.765 GC heap after
Heap after GC invocations=12 (full 3):
 PSYoungGen      total 349696K, used 21921K [0x00000000e0000000, 0x00000000fc480000, 0x0000000100000000)
  eden space 324096K, 0% used [0x00000000e0000000,0x00000000e0000000,0x00000000f3c80000)
  from space 25600K, 85% used [0x00000000f3c80000,0x00000000f51e8750,0x00000000f5580000)
  to   space 28160K, 0% used [0x00000000fa900000,0x00000000fa900000,0x00000000fc480000)
 ParOldGen       total 116224K, used 37455K [0x00000000a0000000, 0x00000000a7180000, 0x00000000e0000000)
  object space 116224K, 32% used [0x00000000a0000000,0x00000000a2493ce8,0x00000000a7180000)
 Metaspace       used 64129K, capacity 67160K, committed 67416K, reserved 1107968K
  class space    used 8490K, capacity 9261K, committed 9344K, reserved 1048576K
}
Event: 170.300 GC heap before
{Heap before GC invocations=13 (full 3):
 PSYoungGen      total 349696K, used 346017K [0x00000000e0000000, 0x00000000fc480000, 0x0000000100000000)
  eden space 324096K, 100% used [0x00000000e0000000,0x00000000f3c80000,0x00000000f3c80000)
  from space 25600K, 85% used [0x00000000f3c80000,0x00000000f51e8750,0x00000000f5580000)
  to   space 28160K, 0% used [0x00000000fa900000,0x00000000fa900000,0x00000000fc480000)
 ParOldGen       total 116224K, used 37455K [0x00000000a0000000, 0x00000000a7180000, 0x00000000e0000000)
  object space 116224K, 32% used [0x00000000a0000000,0x00000000a2493ce8,0x00000000a7180000)
 Metaspace       used 65516K, capacity 69160K, committed 69464K, reserved 1110016K
  class space    used 8590K, capacity 9510K, committed 9600K, reserved 1048576K
Event: 171.157 GC heap after
Heap after GC invocations=13 (full 3):
 PSYoungGen      total 434176K, used 20096K [0x00000000e0000000, 0x00000000fcf80000, 0x0000000100000000)
  eden space 406016K, 0% used [0x00000000e0000000,0x00000000e0000000,0x00000000f8c80000)
  from space 28160K, 71% used [0x00000000fa900000,0x00000000fbca0090,0x00000000fc480000)
  to   space 29184K, 0% used [0x00000000f8c80000,0x00000000f8c80000,0x00000000fa900000)
 ParOldGen       total 116224K, used 37463K [0x00000000a0000000, 0x00000000a7180000, 0x00000000e0000000)
  object space 116224K, 32% used [0x00000000a0000000,0x00000000a2495ce8,0x00000000a7180000)
 Metaspace       used 65516K, capacity 69160K, committed 69464K, reserved 1110016K
  class space    used 8590K, capacity 9510K, committed 9600K, reserved 1048576K
}
Event: 761.808 GC heap before
{Heap before GC invocations=14 (full 3):
 PSYoungGen      total 434176K, used 426112K [0x00000000e0000000, 0x00000000fcf80000, 0x0000000100000000)
  eden space 406016K, 100% used [0x00000000e0000000,0x00000000f8c80000,0x00000000f8c80000)
  from space 28160K, 71% used [0x00000000fa900000,0x00000000fbca0090,0x00000000fc480000)
  to   space 29184K, 0% used [0x00000000f8c80000,0x00000000f8c80000,0x00000000fa900000)
 ParOldGen       total 116224K, used 37463K [0x00000000a0000000, 0x00000000a7180000, 0x00000000e0000000)
  object space 116224K, 32% used [0x00000000a0000000,0x00000000a2495ce8,0x00000000a7180000)
 Metaspace       used 70539K, capacity 74962K, committed 75352K, reserved 1114112K
  class space    used 9126K, capacity 10253K, committed 10368K, reserved 1048576K
Event: 761.840 GC heap after
Heap after GC invocations=14 (full 3):
 PSYoungGen      total 435200K, used 27833K [0x00000000e0000000, 0x0000000100000000, 0x0000000100000000)
  eden space 406016K, 0% used [0x00000000e0000000,0x00000000e0000000,0x00000000f8c80000)
  from space 29184K, 95% used [0x00000000f8c80000,0x00000000fa7ae7c8,0x00000000fa900000)
  to   space 32768K, 0% used [0x00000000fe000000,0x00000000fe000000,0x0000000100000000)
 ParOldGen       total 116224K, used 37471K [0x00000000a0000000, 0x00000000a7180000, 0x00000000e0000000)
  object space 116224K, 32% used [0x00000000a0000000,0x00000000a2497ce8,0x00000000a7180000)
 Metaspace       used 70539K, capacity 74962K, committed 75352K, reserved 1114112K
  class space    used 9126K, capacity 10253K, committed 10368K, reserved 1048576K
}
Event: 2432.004 GC heap before
{Heap before GC invocations=15 (full 3):
 PSYoungGen      total 435200K, used 433849K [0x00000000e0000000, 0x0000000100000000, 0x0000000100000000)
  eden space 406016K, 100% used [0x00000000e0000000,0x00000000f8c80000,0x00000000f8c80000)
  from space 29184K, 95% used [0x00000000f8c80000,0x00000000fa7ae7c8,0x00000000fa900000)
  to   space 32768K, 0% used [0x00000000fe000000,0x00000000fe000000,0x0000000100000000)
 ParOldGen       total 116224K, used 37471K [0x00000000a0000000, 0x00000000a7180000, 0x00000000e0000000)
  object space 116224K, 32% used [0x00000000a0000000,0x00000000a2497ce8,0x00000000a7180000)
 Metaspace       used 73140K, capacity 78298K, committed 78424K, reserved 1116160K
  class space    used 9477K, capacity 10782K, committed 10880K, reserved 1048576K
Event: 2432.036 GC heap after
Heap after GC invocations=15 (full 3):
 PSYoungGen      total 484352K, used 28578K [0x00000000e0000000, 0x0000000100000000, 0x0000000100000000)
  eden space 451584K, 0% used [0x00000000e0000000,0x00000000e0000000,0x00000000fb900000)
  from space 32768K, 87% used [0x00000000fe000000,0x00000000ffbe8bb0,0x0000000100000000)
  to   space 36352K, 0% used [0x00000000fb900000,0x00000000fb900000,0x00000000fdc80000)
 ParOldGen       total 116224K, used 37479K [0x00000000a0000000, 0x00000000a7180000, 0x00000000e0000000)
  object space 116224K, 32% used [0x00000000a0000000,0x00000000a2499ce8,0x00000000a7180000)
 Metaspace       used 73140K, capacity 78298K, committed 78424K, reserved 1116160K
  class space    used 9477K, capacity 10782K, committed 10880K, reserved 1048576K
}

