# JRE version: OpenJDK Runtime Environment (8.0_152-b01) (build 1.8.0_152-release-915-b01)
# Java VM: OpenJDK 64-Bit Server VM (25.152-b01 mixed mode windows-amd64 compressed oops)
Heap:
 PSYoungGen      total 342528K, used 316072K [0x00000000e0000000, 0x00000000f7180000, 0x0000000100000000)
  eden space 329216K, 93% used [0x00000000e0000000,0x00000000f2de24c8,0x00000000f4180000)
  from space 13312K, 52% used [0x00000000f6480000,0x00000000f6b47ec0,0x00000000f7180000)
  to   space 24576K, 0% used [0x00000000f4180000,0x00000000f4180000,0x00000000f5980000)
 ParOldGen       total 139776K, used 53536K [0x00000000a0000000, 0x00000000a8880000, 0x00000000e0000000)
  object space 139776K, 38% used [0x00000000a0000000,0x00000000a3448280,0x00000000a8880000)
 Metaspace       used 72730K, capacity 77764K, committed 78080K, reserved 1116160K
  class space    used 9646K, capacity 10921K, committed 11008K, reserved 1048576K
GC Heap History (10 events):
Event: 13.611 GC heap before
{Heap before GC invocations=13 (full 2):
 PSYoungGen      total 196608K, used 22547K [0x00000000e0000000, 0x00000000eea80000, 0x0000000100000000)
  eden space 177664K, 2% used [0x00000000e0000000,0x00000000e038ba30,0x00000000ead80000)
  from space 18944K, 99% used [0x00000000ec600000,0x00000000ed8794d0,0x00000000ed880000)
  to   space 25088K, 0% used [0x00000000ead80000,0x00000000ead80000,0x00000000ec600000)
 ParOldGen       total 92672K, used 36405K [0x00000000a0000000, 0x00000000a5a80000, 0x00000000e0000000)
  object space 92672K, 39% used [0x00000000a0000000,0x00000000a238d798,0x00000000a5a80000)
 Metaspace       used 56412K, capacity 58754K, committed 59008K, reserved 1099776K
  class space    used 7726K, capacity 8297K, committed 8320K, reserved 1048576K
Event: 13.637 GC heap after
Heap after GC invocations=13 (full 2):
 PSYoungGen      total 202752K, used 19506K [0x00000000e0000000, 0x00000000f3300000, 0x0000000100000000)
  eden space 177664K, 0% used [0x00000000e0000000,0x00000000e0000000,0x00000000ead80000)
  from space 25088K, 77% used [0x00000000ead80000,0x00000000ec08cbc8,0x00000000ec600000)
  to   space 26624K, 0% used [0x00000000f1900000,0x00000000f1900000,0x00000000f3300000)
 ParOldGen       total 92672K, used 36405K [0x00000000a0000000, 0x00000000a5a80000, 0x00000000e0000000)
  object space 92672K, 39% used [0x00000000a0000000,0x00000000a238d798,0x00000000a5a80000)
 Metaspace       used 56412K, capacity 58754K, committed 59008K, reserved 1099776K
  class space    used 7726K, capacity 8297K, committed 8320K, reserved 1048576K
}
Event: 13.637 GC heap before
{Heap before GC invocations=14 (full 3):
 PSYoungGen      total 202752K, used 19506K [0x00000000e0000000, 0x00000000f3300000, 0x0000000100000000)
  eden space 177664K, 0% used [0x00000000e0000000,0x00000000e0000000,0x00000000ead80000)
  from space 25088K, 77% used [0x00000000ead80000,0x00000000ec08cbc8,0x00000000ec600000)
  to   space 26624K, 0% used [0x00000000f1900000,0x00000000f1900000,0x00000000f3300000)
 ParOldGen       total 92672K, used 36405K [0x00000000a0000000, 0x00000000a5a80000, 0x00000000e0000000)
  object space 92672K, 39% used [0x00000000a0000000,0x00000000a238d798,0x00000000a5a80000)
 Metaspace       used 56412K, capacity 58754K, committed 59008K, reserved 1099776K
  class space    used 7726K, capacity 8297K, committed 8320K, reserved 1048576K
Event: 13.933 GC heap after
Heap after GC invocations=14 (full 3):
 PSYoungGen      total 202752K, used 0K [0x00000000e0000000, 0x00000000f3300000, 0x0000000100000000)
  eden space 177664K, 0% used [0x00000000e0000000,0x00000000e0000000,0x00000000ead80000)
  from space 25088K, 0% used [0x00000000ead80000,0x00000000ead80000,0x00000000ec600000)
  to   space 26624K, 0% used [0x00000000f1900000,0x00000000f1900000,0x00000000f3300000)
 ParOldGen       total 139776K, used 46129K [0x00000000a0000000, 0x00000000a8880000, 0x00000000e0000000)
  object space 139776K, 33% used [0x00000000a0000000,0x00000000a2d0c7a0,0x00000000a8880000)
 Metaspace       used 56412K, capacity 58754K, committed 59008K, reserved 1099776K
  class space    used 7726K, capacity 8297K, committed 8320K, reserved 1048576K
}
Event: 70.337 GC heap before
{Heap before GC invocations=15 (full 3):
 PSYoungGen      total 202752K, used 177664K [0x00000000e0000000, 0x00000000f3300000, 0x0000000100000000)
  eden space 177664K, 100% used [0x00000000e0000000,0x00000000ead80000,0x00000000ead80000)
  from space 25088K, 0% used [0x00000000ead80000,0x00000000ead80000,0x00000000ec600000)
  to   space 26624K, 0% used [0x00000000f1900000,0x00000000f1900000,0x00000000f3300000)
 ParOldGen       total 139776K, used 46129K [0x00000000a0000000, 0x00000000a8880000, 0x00000000e0000000)
  object space 139776K, 33% used [0x00000000a0000000,0x00000000a2d0c7a0,0x00000000a8880000)
 Metaspace       used 61906K, capacity 65258K, committed 65536K, reserved 1105920K
  class space    used 8329K, capacity 9184K, committed 9216K, reserved 1048576K
Event: 70.502 GC heap after
Heap after GC invocations=15 (full 3):
 PSYoungGen      total 263168K, used 8477K [0x00000000e0000000, 0x00000000f2680000, 0x0000000100000000)
  eden space 249344K, 0% used [0x00000000e0000000,0x00000000e0000000,0x00000000ef380000)
  from space 13824K, 61% used [0x00000000f1900000,0x00000000f2147470,0x00000000f2680000)
  to   space 26112K, 0% used [0x00000000ef380000,0x00000000ef380000,0x00000000f0d00000)
 ParOldGen       total 139776K, used 46137K [0x00000000a0000000, 0x00000000a8880000, 0x00000000e0000000)
  object space 139776K, 33% used [0x00000000a0000000,0x00000000a2d0e7a0,0x00000000a8880000)
 Metaspace       used 61906K, capacity 65258K, committed 65536K, reserved 1105920K
  class space    used 8329K, capacity 9184K, committed 9216K, reserved 1048576K
}
Event: 6377.748 GC heap before
{Heap before GC invocations=16 (full 3):
 PSYoungGen      total 263168K, used 257821K [0x00000000e0000000, 0x00000000f2680000, 0x0000000100000000)
  eden space 249344K, 100% used [0x00000000e0000000,0x00000000ef380000,0x00000000ef380000)
  from space 13824K, 61% used [0x00000000f1900000,0x00000000f2147470,0x00000000f2680000)
  to   space 26112K, 0% used [0x00000000ef380000,0x00000000ef380000,0x00000000f0d00000)
 ParOldGen       total 139776K, used 46137K [0x00000000a0000000, 0x00000000a8880000, 0x00000000e0000000)
  object space 139776K, 33% used [0x00000000a0000000,0x00000000a2d0e7a0,0x00000000a8880000)
 Metaspace       used 65545K, capacity 69052K, committed 69248K, reserved 1110016K
  class space    used 8721K, capacity 9591K, committed 9600K, reserved 1048576K
Event: 6377.787 GC heap after
Heap after GC invocations=16 (full 3):
 PSYoungGen      total 275456K, used 10303K [0x00000000e0000000, 0x00000000f7d00000, 0x0000000100000000)
  eden space 249344K, 0% used [0x00000000e0000000,0x00000000e0000000,0x00000000ef380000)
  from space 26112K, 39% used [0x00000000ef380000,0x00000000efd8fe70,0x00000000f0d00000)
  to   space 25088K, 0% used [0x00000000f6480000,0x00000000f6480000,0x00000000f7d00000)
 ParOldGen       total 139776K, used 46145K [0x00000000a0000000, 0x00000000a8880000, 0x00000000e0000000)
  object space 139776K, 33% used [0x00000000a0000000,0x00000000a2d107a0,0x00000000a8880000)
 Metaspace       used 65545K, capacity 69052K, committed 69248K, reserved 1110016K
  class space    used 8721K, capacity 9591K, committed 9600K, reserved 1048576K
}
Event: 7399.664 GC heap before
{Heap before GC invocations=17 (full 3):
 PSYoungGen      total 275456K, used 259647K [0x00000000e0000000, 0x00000000f7d00000, 0x0000000100000000)
  eden space 249344K, 100% used [0x00000000e0000000,0x00000000ef380000,0x00000000ef380000)
  from space 26112K, 39% used [0x00000000ef380000,0x00000000efd8fe70,0x00000000f0d00000)
  to   space 25088K, 0% used [0x00000000f6480000,0x00000000f6480000,0x00000000f7d00000)
 ParOldGen       total 139776K, used 46145K [0x00000000a0000000, 0x00000000a8880000, 0x00000000e0000000)
  object space 139776K, 33% used [0x00000000a0000000,0x00000000a2d107a0,0x00000000a8880000)
 Metaspace       used 67033K, capacity 71074K, committed 71168K, reserved 1110016K
  class space    used 8920K, capacity 9937K, committed 9984K, reserved 1048576K
Event: 7399.695 GC heap after
Heap after GC invocations=17 (full 3):
 PSYoungGen      total 342528K, used 6943K [0x00000000e0000000, 0x00000000f7180000, 0x0000000100000000)
  eden space 329216K, 0% used [0x00000000e0000000,0x00000000e0000000,0x00000000f4180000)
  from space 13312K, 52% used [0x00000000f6480000,0x00000000f6b47ec0,0x00000000f7180000)
  to   space 24576K, 0% used [0x00000000f4180000,0x00000000f4180000,0x00000000f5980000)
 ParOldGen       total 139776K, used 53536K [0x00000000a0000000, 0x00000000a8880000, 0x00000000e0000000)
  object space 139776K, 38% used [0x00000000a0000000,0x00000000a3448280,0x00000000a8880000)
 Metaspace       used 67033K, capacity 71074K, committed 71168K, reserved 1110016K
  class space    used 8920K, capacity 9937K, committed 9984K, reserved 1048576K
}

